#
# A fatal error has been detected by the Java Runtime Environment:
#
#  EXCEPTION_ACCESS_VIOLATION (0xc0000005) at pc=0x04ba93cd, pid=8636, tid=0x0000202c
#
# JRE version: Java(TM) SE Runtime Environment (8.0_92-b14) (build 1.8.0_92-b14)
# Java VM: Java HotSpot(TM) Client VM (25.92-b14 mixed mode windows-x86 )
# Problematic frame:
# C  [listSerialsj.dll+0x93cd]
#
# Failed to write core dump. Minidumps are not enabled by default on client versions of Windows
#
# If you would like to submit a bug report, please visit:
#   http://bugreport.java.com/bugreport/crash.jsp
# The crash happened outside the Java Virtual Machine in native code.
# See problematic frame for where to report the bug.
#

---------------  T H R E A D  ---------------

Current thread (0x27515c00):  JavaThread "cc.arduino.packages.discoverers.serial.SerialBoardsLister" [_thread_in_native, id=8236, stack(0x029b0000,0x02a00000)]

siginfo: ExceptionCode=0xc0000005, writing address 0x00000000

Registers:
EAX=0x00000000, EBX=0x00000b4c, ECX=0x00000000, EDX=0x00000001
ESP=0x029fec60, EBP=0x029ff0b8, ESI=0x00000002, EDI=0x00c70498
EIP=0x04ba93cd, EFLAGS=0x00010246

Top of Stack: (sp=0x029fec60)
0x029fec60:   00e32e88 0000002e 00000002 00000000
0x029fec70:   00000003 00000000 00000000 00000000
0x029fec80:   04bac100 00000000 0000006c 7573a540
0x029fec90:   00e3b940 00fffffe 00c702c8 0000005d
0x029feca0:   04bada5d 04badc59 0000003e 00000002
0x029fecb0:   00000001 0000006c 00000049 0000008e
0x029fecc0:   008eed80 00000000 354d4f43 0073a500
0x029fecd0:   00425355 01006d65 00bb67f0 00000adc 

Instructions: (pc=0x04ba93cd)
0x04ba93ad:   8b 45 08 8b 90 94 00 00 00 85 d2 74 16 8b 40 2c
0x04ba93bd:   c7 44 24 04 2e 00 00 00 89 04 24 e8 73 14 00 00
0x04ba93cd:   c6 00 00 8d 85 04 fc ff ff 89 44 24 18 8d 85 0a
0x04ba93dd:   fc ff ff 89 44 24 10 a1 e4 01 bb 04 c7 85 04 fc 


Register to memory mapping:

EAX=0x00000000 is an unknown value
EBX=0x00000b4c is an unknown value
ECX=0x00000000 is an unknown value
EDX=0x00000001 is an unknown value
ESP=0x029fec60 is pointing into the stack for thread: 0x27515c00
EBP=0x029ff0b8 is pointing into the stack for thread: 0x27515c00
ESI=0x00000002 is an unknown value
EDI=0x00c70498 is an unknown value


Stack: [0x029b0000,0x02a00000],  sp=0x029fec60,  free space=315k
Native frames: (J=compiled Java code, j=interpreted, Vv=VM code, C=native code)
C  [listSerialsj.dll+0x93cd]
C  [listSerialsj.dll+0x2211]

Java frames: (J=compiled Java code, j=interpreted, Vv=VM code)
J 2175  processing.app.Platform.listSerialsNative()[Ljava/lang/String; (0 bytes) @ 0x02dd33cf [0x02dd3390+0x3f]
J 2172 C1 cc.arduino.packages.discoverers.serial.SerialBoardsLister.retriggerDiscovery(Z)V (751 bytes) @ 0x02dcf664 [0x02dcf510+0x154]
J 2179 C1 cc.arduino.packages.discoverers.serial.SerialBoardsLister.run()V (13 bytes) @ 0x02dd4294 [0x02dd4250+0x44]
J 2125% C1 java.util.TimerThread.mainLoop()V (232 bytes) @ 0x02dc0f54 [0x02dc0b20+0x434]
j  java.util.TimerThread.run()V+1
v  ~StubRoutines::call_stub

---------------  P R O C E S S  ---------------

Java Threads: ( => current thread )
  0x27b4b000 JavaThread "DestroyJavaVM" [_thread_blocked, id=4476, stack(0x02630000,0x02680000)]
  0x27595000 JavaThread "TimerQueue" daemon [_thread_blocked, id=7216, stack(0x29180000,0x291d0000)]
  0x27593800 JavaThread "Batik CleanerThread" daemon [_thread_blocked, id=6792, stack(0x288c0000,0x28910000)]
  0x27594800 JavaThread "AWT-EventQueue-0" [_thread_blocked, id=9096, stack(0x285c0000,0x28610000)]
  0x27592800 JavaThread "AWT-Shutdown" [_thread_blocked, id=5952, stack(0x28530000,0x28580000)]
  0x27594400 JavaThread "JmDNS(COAS418-02-erau-edu.local.).Timer" daemon [_thread_blocked, id=8000, stack(0x283a0000,0x283f0000)]
  0x27592400 JavaThread "JmDNS(COAS418-02-erau-edu.local.).State.Timer" [_thread_blocked, id=4336, stack(0x28310000,0x28360000)]
  0x27591c00 JavaThread "JmDNS(COAS418-02-erau-edu.local.).Timer" daemon [_thread_blocked, id=2832, stack(0x28280000,0x282d0000)]
  0x27593000 JavaThread "SocketListener(COAS418-02-erau-edu.local.)" daemon [_thread_in_native, id=6440, stack(0x26250000,0x262a0000)]
  0x27591800 JavaThread "JmDNS(COAS418-02-erau-edu.local.).Timer" daemon [_thread_blocked, id=6764, stack(0x281f0000,0x28240000)]
  0x2757e400 JavaThread "JmDNS(COAS418-02-erau-edu.local.).State.Timer" [_thread_blocked, id=5640, stack(0x28160000,0x281b0000)]
  0x2757dc00 JavaThread "JmDNS(COAS418-02-erau-edu.local.).Timer" daemon [_thread_blocked, id=8760, stack(0x280d0000,0x28120000)]
  0x2757d800 JavaThread "SocketListener(COAS418-02-erau-edu.local.)" daemon [_thread_in_native, id=7968, stack(0x28020000,0x28070000)]
  0x2751ac00 JavaThread "cc.arduino.packages.discoverers.network.BoardReachabilityFilter" [_thread_blocked, id=5984, stack(0x27f60000,0x27fb0000)]
  0x2751a400 JavaThread "cc.arduino.packages.discoverers.network.NetworkChecker" [_thread_blocked, id=6564, stack(0x27ed0000,0x27f20000)]
=>0x27515c00 JavaThread "cc.arduino.packages.discoverers.serial.SerialBoardsLister" [_thread_in_native, id=8236, stack(0x029b0000,0x02a00000)]
  0x25d4bc00 JavaThread "AWT-Windows" daemon [_thread_in_native, id=2128, stack(0x262e0000,0x26330000)]
  0x25d4a400 JavaThread "Java2D Disposer" daemon [_thread_blocked, id=344, stack(0x261c0000,0x26210000)]
  0x255a9000 JavaThread "Service Thread" daemon [_thread_blocked, id=1484, stack(0x25b20000,0x25b70000)]
  0x255a1c00 JavaThread "C1 CompilerThread0" daemon [_thread_blocked, id=6612, stack(0x25a90000,0x25ae0000)]
  0x255a0000 JavaThread "Attach Listener" daemon [_thread_blocked, id=6996, stack(0x25a00000,0x25a50000)]
  0x2559e000 JavaThread "Signal Dispatcher" daemon [_thread_blocked, id=6264, stack(0x25970000,0x259c0000)]
  0x2558ac00 JavaThread "Finalizer" daemon [_thread_blocked, id=1192, stack(0x25800000,0x25850000)]
  0x25575000 JavaThread "Reference Handler" daemon [_thread_blocked, id=6016, stack(0x25770000,0x257c0000)]

Other Threads:
  0x0277e800 VMThread [stack: 0x04b50000,0x04ba0000] [id=8752]
  0x255adc00 WatcherThread [stack: 0x25bb0000,0x25c00000] [id=6468]

VM state:not at safepoint (normal execution)

VM Mutex/Monitor currently owned by a thread: None

Heap:
 def new generation   total 39424K, used 13360K [0x05000000, 0x07ac0000, 0x0faa0000)
  eden space 35072K,  37% used [0x05000000, 0x05cb4698, 0x07240000)
  from space 4352K,   8% used [0x07680000, 0x076d7ab8, 0x07ac0000)
  to   space 4352K,   0% used [0x07240000, 0x07240000, 0x07680000)
 tenured generation   total 87424K, used 28152K [0x0faa0000, 0x15000000, 0x25000000)
   the space 87424K,  32% used [0x0faa0000, 0x1161e390, 0x1161e400, 0x15000000)
 Metaspace       used 18164K, capacity 18620K, committed 18688K, reserved 18816K

Card table byte_map: [0x25000000,0x25110000] byte_map_base: 0x24fd8000

Polling page: 0x00d90000

CodeCache: size=32768Kb used=3872Kb max_used=3872Kb free=28895Kb
 bounds [0x02a10000, 0x02de0000, 0x04a10000]
 total_blobs=2448 nmethods=2173 adapters=205
 compilation: enabled

Compilation events (10 events):
Event: 1997.606 Thread 0x255a1c00 2191             java.util.stream.StreamOpFlag::getMask (30 bytes)
Event: 1997.606 Thread 0x255a1c00 nmethod 2191 0x02dd70c8 code [0x02dd71c0, 0x02dd7260]
Event: 2252.637 Thread 0x255a1c00 2192             cc.arduino.packages.discoverers.network.NetworkChecker$$Lambda$29/4741106::test (12 bytes)
Event: 2252.638 Thread 0x255a1c00 nmethod 2192 0x02dd72c8 code [0x02dd73d0, 0x02dd74ac]
Event: 2504.669 Thread 0x255a1c00 2194             java.util.HashMap$KeySpliterator::characteristics (30 bytes)
Event: 2504.669 Thread 0x255a1c00 nmethod 2194 0x02dd77c8 code [0x02dd78c0, 0x02dd7970]
Event: 2519.576 Thread 0x255a1c00 2195             javax.swing.text.AbstractDocument$BranchElement::getElementIndex (238 bytes)
Event: 2519.577 Thread 0x255a1c00 nmethod 2195 0x02dd79c8 code [0x02dd7b40, 0x02dd7ee8]
Event: 2535.423 Thread 0x255a1c00 2196             java.security.AccessControlContext::<init> (30 bytes)
Event: 2535.423 Thread 0x255a1c00 nmethod 2196 0x02dd8408 code [0x02dd8500, 0x02dd85c0]

GC Heap History (10 events):
Event: 2144.090 GC heap before
{Heap before GC invocations=33 (full 1):
 def new generation   total 39424K, used 35182K [0x05000000, 0x07ac0000, 0x0faa0000)
  eden space 35072K, 100% used [0x05000000, 0x07240000, 0x07240000)
  from space 4352K,   2% used [0x07240000, 0x0725ba50, 0x07680000)
  to   space 4352K,   0% used [0x07680000, 0x07680000, 0x07ac0000)
 tenured generation   total 87424K, used 28116K [0x0faa0000, 0x15000000, 0x25000000)
   the space 87424K,  32% used [0x0faa0000, 0x11615118, 0x11615200, 0x15000000)
 Metaspace       used 18164K, capacity 18620K, committed 18688K, reserved 18816K
Event: 2144.093 GC heap after
Heap after GC invocations=34 (full 1):
 def new generation   total 39424K, used 253K [0x05000000, 0x07ac0000, 0x0faa0000)
  eden space 35072K,   0% used [0x05000000, 0x05000000, 0x07240000)
  from space 4352K,   5% used [0x07680000, 0x076bf640, 0x07ac0000)
  to   space 4352K,   0% used [0x07240000, 0x07240000, 0x07680000)
 tenured generation   total 87424K, used 28129K [0x0faa0000, 0x15000000, 0x25000000)
   the space 87424K,  32% used [0x0faa0000, 0x11618410, 0x11618600, 0x15000000)
 Metaspace       used 18164K, capacity 18620K, committed 18688K, reserved 18816K
}
Event: 2282.468 GC heap before
{Heap before GC invocations=34 (full 1):
 def new generation   total 39424K, used 35325K [0x05000000, 0x07ac0000, 0x0faa0000)
  eden space 35072K, 100% used [0x05000000, 0x07240000, 0x07240000)
  from space 4352K,   5% used [0x07680000, 0x076bf640, 0x07ac0000)
  to   space 4352K,   0% used [0x07240000, 0x07240000, 0x07680000)
 tenured generation   total 87424K, used 28129K [0x0faa0000, 0x15000000, 0x25000000)
   the space 87424K,  32% used [0x0faa0000, 0x11618410, 0x11618600, 0x15000000)
 Metaspace       used 18164K, capacity 18620K, committed 18688K, reserved 18816K
Event: 2282.471 GC heap after
Heap after GC invocations=35 (full 1):
 def new generation   total 39424K, used 229K [0x05000000, 0x07ac0000, 0x0faa0000)
  eden space 35072K,   0% used [0x05000000, 0x05000000, 0x07240000)
  from space 4352K,   5% used [0x07240000, 0x07279670, 0x07680000)
  to   space 4352K,   0% used [0x07680000, 0x07680000, 0x07ac0000)
 tenured generation   total 87424K, used 28137K [0x0faa0000, 0x15000000, 0x25000000)
   the space 87424K,  32% used [0x0faa0000, 0x1161a480, 0x1161a600, 0x15000000)
 Metaspace       used 18164K, capacity 18620K, committed 18688K, reserved 18816K
}
Event: 2360.029 GC heap before
{Heap before GC invocations=35 (full 1):
 def new generation   total 39424K, used 35301K [0x05000000, 0x07ac0000, 0x0faa0000)
  eden space 35072K, 100% used [0x05000000, 0x07240000, 0x07240000)
  from space 4352K,   5% used [0x07240000, 0x07279670, 0x07680000)
  to   space 4352K,   0% used [0x07680000, 0x07680000, 0x07ac0000)
 tenured generation   total 87424K, used 28137K [0x0faa0000, 0x15000000, 0x25000000)
   the space 87424K,  32% used [0x0faa0000, 0x1161a480, 0x1161a600, 0x15000000)
 Metaspace       used 18164K, capacity 18620K, committed 18688K, reserved 18816K
Event: 2360.032 GC heap after
Heap after GC invocations=36 (full 1):
 def new generation   total 39424K, used 171K [0x05000000, 0x07ac0000, 0x0faa0000)
  eden space 35072K,   0% used [0x05000000, 0x05000000, 0x07240000)
  from space 4352K,   3% used [0x07680000, 0x076aacf8, 0x07ac0000)
  to   space 4352K,   0% used [0x07240000, 0x07240000, 0x07680000)
 tenured generation   total 87424K, used 28146K [0x0faa0000, 0x15000000, 0x25000000)
   the space 87424K,  32% used [0x0faa0000, 0x1161c860, 0x1161ca00, 0x15000000)
 Metaspace       used 18164K, capacity 18620K, committed 18688K, reserved 18816K
}
Event: 2443.009 GC heap before
{Heap before GC invocations=36 (full 1):
 def new generation   total 39424K, used 35243K [0x05000000, 0x07ac0000, 0x0faa0000)
  eden space 35072K, 100% used [0x05000000, 0x07240000, 0x07240000)
  from space 4352K,   3% used [0x07680000, 0x076aacf8, 0x07ac0000)
  to   space 4352K,   0% used [0x07240000, 0x07240000, 0x07680000)
 tenured generation   total 87424K, used 28146K [0x0faa0000, 0x15000000, 0x25000000)
   the space 87424K,  32% used [0x0faa0000, 0x1161c860, 0x1161ca00, 0x15000000)
 Metaspace       used 18164K, capacity 18620K, committed 18688K, reserved 18816K
Event: 2443.012 GC heap after
Heap after GC invocations=37 (full 1):
 def new generation   total 39424K, used 198K [0x05000000, 0x07ac0000, 0x0faa0000)
  eden space 35072K,   0% used [0x05000000, 0x05000000, 0x07240000)
  from space 4352K,   4% used [0x07240000, 0x07271a30, 0x07680000)
  to   space 4352K,   0% used [0x07680000, 0x07680000, 0x07ac0000)
 tenured generation   total 87424K, used 28148K [0x0faa0000, 0x15000000, 0x25000000)
   the space 87424K,  32% used [0x0faa0000, 0x1161d108, 0x1161d200, 0x15000000)
 Metaspace       used 18164K, capacity 18620K, committed 18688K, reserved 18816K
}
Event: 2530.206 GC heap before
{Heap before GC invocations=37 (full 1):
 def new generation   total 39424K, used 35270K [0x05000000, 0x07ac0000, 0x0faa0000)
  eden space 35072K, 100% used [0x05000000, 0x07240000, 0x07240000)
  from space 4352K,   4% used [0x07240000, 0x07271a30, 0x07680000)
  to   space 4352K,   0% used [0x07680000, 0x07680000, 0x07ac0000)
 tenured generation   total 87424K, used 28148K [0x0faa0000, 0x15000000, 0x25000000)
   the space 87424K,  32% used [0x0faa0000, 0x1161d108, 0x1161d200, 0x15000000)
 Metaspace       used 18164K, capacity 18620K, committed 18688K, reserved 18816K
Event: 2530.208 GC heap after
Heap after GC invocations=38 (full 1):
 def new generation   total 39424K, used 350K [0x05000000, 0x07ac0000, 0x0faa0000)
  eden space 35072K,   0% used [0x05000000, 0x05000000, 0x07240000)
  from space 4352K,   8% used [0x07680000, 0x076d7ab8, 0x07ac0000)
  to   space 4352K,   0% used [0x07240000, 0x07240000, 0x07680000)
 tenured generation   total 87424K, used 28152K [0x0faa0000, 0x15000000, 0x25000000)
   the space 87424K,  32% used [0x0faa0000, 0x1161e390, 0x1161e400, 0x15000000)
 Metaspace       used 18164K, capacity 18620K, committed 18688K, reserved 18816K
}

Deoptimization events (0 events):
No events

Internal exceptions (10 events):
Event: 64.568 Thread 0x27b48000 Exception <a 'sun/nio/fs/WindowsException'> (0x07129810) thrown at [C:\workspace\8-2-build-windows-i586-cygwin\jdk8u92\6642\hotspot\src\share\vm\prims\jni.cpp, line 709]
Event: 64.568 Thread 0x27b48000 Exception <a 'sun/nio/fs/WindowsException'> (0x07129e30) thrown at [C:\workspace\8-2-build-windows-i586-cygwin\jdk8u92\6642\hotspot\src\share\vm\prims\jni.cpp, line 709]
Event: 64.569 Thread 0x27b48000 Exception <a 'sun/nio/fs/WindowsException'> (0x07133c28) thrown at [C:\workspace\8-2-build-windows-i586-cygwin\jdk8u92\6642\hotspot\src\share\vm\prims\jni.cpp, line 709]
Event: 64.569 Thread 0x27b48000 Exception <a 'sun/nio/fs/WindowsException'> (0x07134220) thrown at [C:\workspace\8-2-build-windows-i586-cygwin\jdk8u92\6642\hotspot\src\share\vm\prims\jni.cpp, line 709]
Event: 64.569 Thread 0x27b48000 Exception <a 'sun/nio/fs/WindowsException'> (0x0713e9d0) thrown at [C:\workspace\8-2-build-windows-i586-cygwin\jdk8u92\6642\hotspot\src\share\vm\prims\jni.cpp, line 709]
Event: 64.569 Thread 0x27b48000 Exception <a 'sun/nio/fs/WindowsException'> (0x0713f040) thrown at [C:\workspace\8-2-build-windows-i586-cygwin\jdk8u92\6642\hotspot\src\share\vm\prims\jni.cpp, line 709]
Event: 64.570 Thread 0x27b48000 Exception <a 'sun/nio/fs/WindowsException'> (0x07149420) thrown at [C:\workspace\8-2-build-windows-i586-cygwin\jdk8u92\6642\hotspot\src\share\vm\prims\jni.cpp, line 709]
Event: 64.570 Thread 0x27b48000 Exception <a 'sun/nio/fs/WindowsException'> (0x07149a18) thrown at [C:\workspace\8-2-build-windows-i586-cygwin\jdk8u92\6642\hotspot\src\share\vm\prims\jni.cpp, line 709]
Event: 64.571 Thread 0x27b48000 Exception <a 'sun/nio/fs/WindowsException'> (0x07153b68) thrown at [C:\workspace\8-2-build-windows-i586-cygwin\jdk8u92\6642\hotspot\src\share\vm\prims\jni.cpp, line 709]
Event: 64.571 Thread 0x27b48000 Exception <a 'sun/nio/fs/WindowsException'> (0x07154170) thrown at [C:\workspace\8-2-build-windows-i586-cygwin\jdk8u92\6642\hotspot\src\share\vm\prims\jni.cpp, line 709]

Events (10 events):
Event: 2282.467 Executing VM operation: GenCollectForAllocation
Event: 2282.471 Executing VM operation: GenCollectForAllocation done
Event: 2360.028 Executing VM operation: GenCollectForAllocation
Event: 2360.032 Executing VM operation: GenCollectForAllocation done
Event: 2443.008 Executing VM operation: GenCollectForAllocation
Event: 2443.012 Executing VM operation: GenCollectForAllocation done
Event: 2530.206 Executing VM operation: GenCollectForAllocation
Event: 2530.208 Executing VM operation: GenCollectForAllocation done
Event: 2534.660 Executing VM operation: BulkRevokeBias
Event: 2534.660 Executing VM operation: BulkRevokeBias done


Dynamic libraries:
0x01010000 - 0x01043000 	C:\Program Files (x86)\Arduino\java\bin\javaw.exe
0x77af0000 - 0x77c6b000 	C:\WINDOWS\SYSTEM32\ntdll.dll
0x748a0000 - 0x74980000 	C:\WINDOWS\SYSTEM32\KERNEL32.DLL
0x77880000 - 0x779fe000 	C:\WINDOWS\SYSTEM32\KERNELBASE.dll
0x73e00000 - 0x73e92000 	C:\WINDOWS\system32\apphelp.dll
0x72940000 - 0x72ae0000 	C:\WINDOWS\AppPatch\EMET.DLL
0x75360000 - 0x7541e000 	C:\WINDOWS\SYSTEM32\msvcrt.dll
0x75d50000 - 0x75dcb000 	C:\WINDOWS\SYSTEM32\ADVAPI32.dll
0x74850000 - 0x74894000 	C:\WINDOWS\SYSTEM32\sechost.dll
0x75ca0000 - 0x75d4d000 	C:\WINDOWS\SYSTEM32\RPCRT4.dll
0x74820000 - 0x7483e000 	C:\WINDOWS\SYSTEM32\SspiCli.dll
0x74810000 - 0x7481a000 	C:\WINDOWS\SYSTEM32\CRYPTBASE.dll
0x777f0000 - 0x77848000 	C:\WINDOWS\SYSTEM32\bcryptPrimitives.dll
0x75de0000 - 0x75f27000 	C:\WINDOWS\SYSTEM32\USER32.dll
0x74ac0000 - 0x74c0f000 	C:\WINDOWS\SYSTEM32\GDI32.dll
0x72730000 - 0x7293f000 	C:\WINDOWS\WinSxS\x86_microsoft.windows.common-controls_6595b64144ccf1df_6.0.10586.494_none_ea85e725b9ba5a4b\COMCTL32.dll
0x75550000 - 0x7570d000 	C:\WINDOWS\SYSTEM32\combase.dll
0x77850000 - 0x7787b000 	C:\WINDOWS\SYSTEM32\IMM32.DLL
0x5ffc0000 - 0x6007f000 	C:\Program Files (x86)\Arduino\java\bin\msvcr100.dll
0x5fbf0000 - 0x5ffbb000 	C:\Program Files (x86)\Arduino\java\bin\client\jvm.dll
0x74840000 - 0x74846000 	C:\WINDOWS\SYSTEM32\PSAPI.DLL
0x74440000 - 0x74448000 	C:\WINDOWS\SYSTEM32\WSOCK32.dll
0x73380000 - 0x733a4000 	C:\WINDOWS\SYSTEM32\WINMM.dll
0x747e0000 - 0x747e8000 	C:\WINDOWS\SYSTEM32\VERSION.dll
0x77a70000 - 0x77acf000 	C:\WINDOWS\SYSTEM32\WS2_32.dll
0x73350000 - 0x73373000 	C:\WINDOWS\SYSTEM32\WINMMBASE.dll
0x75510000 - 0x75547000 	C:\WINDOWS\SYSTEM32\cfgmgr32.dll
0x70e60000 - 0x70e91000 	C:\Program Files (x86)\Arduino\java\bin\splashscreen.dll
0x70440000 - 0x704b5000 	C:\WINDOWS\system32\uxtheme.dll
0x72150000 - 0x7215c000 	C:\Program Files (x86)\Arduino\java\bin\verify.dll
0x705c0000 - 0x705e1000 	C:\Program Files (x86)\Arduino\java\bin\java.dll
0x776d0000 - 0x777ef000 	C:\WINDOWS\SYSTEM32\MSCTF.dll
0x70c00000 - 0x70c13000 	C:\Program Files (x86)\Arduino\java\bin\zip.dll
0x776c0000 - 0x776cc000 	C:\WINDOWS\SYSTEM32\kernel.appcore.dll
0x75fd0000 - 0x773ce000 	C:\WINDOWS\SYSTEM32\SHELL32.dll
0x74db0000 - 0x752aa000 	C:\WINDOWS\SYSTEM32\windows.storage.dll
0x74d60000 - 0x74da5000 	C:\WINDOWS\SYSTEM32\shlwapi.dll
0x74cc0000 - 0x74d4d000 	C:\WINDOWS\SYSTEM32\shcore.dll
0x75310000 - 0x75354000 	C:\WINDOWS\SYSTEM32\powrprof.dll
0x75dd0000 - 0x75ddf000 	C:\WINDOWS\SYSTEM32\profapi.dll
0x5faa0000 - 0x5fbe5000 	C:\Program Files (x86)\Arduino\java\bin\awt.dll
0x75f30000 - 0x75fc2000 	C:\WINDOWS\SYSTEM32\OLEAUT32.dll
0x73fd0000 - 0x73fed000 	C:\WINDOWS\system32\dwmapi.dll
0x75420000 - 0x7550b000 	C:\WINDOWS\SYSTEM32\ole32.dll
0x04ba0000 - 0x04bcc000 	C:\Program Files (x86)\Arduino\lib\listSerialsj.dll
0x75710000 - 0x75b1b000 	C:\WINDOWS\SYSTEM32\SETUPAPI.dll
0x731f0000 - 0x73203000 	C:\WINDOWS\SYSTEM32\CRYPTSP.dll
0x73150000 - 0x7317f000 	C:\WINDOWS\system32\rsaenh.dll
0x74320000 - 0x7433b000 	C:\WINDOWS\SYSTEM32\bcrypt.dll
0x747f0000 - 0x74809000 	C:\WINDOWS\SYSTEM32\USERENV.dll
0x705a0000 - 0x705b6000 	C:\Program Files (x86)\Arduino\java\bin\net.dll
0x73690000 - 0x736df000 	C:\WINDOWS\system32\mswsock.dll
0x74360000 - 0x7438f000 	C:\WINDOWS\SYSTEM32\IPHLPAPI.DLL
0x77a00000 - 0x77a07000 	C:\WINDOWS\SYSTEM32\NSI.dll
0x73820000 - 0x73833000 	C:\WINDOWS\SYSTEM32\dhcpcsvc6.DLL
0x73700000 - 0x73714000 	C:\WINDOWS\SYSTEM32\dhcpcsvc.DLL
0x72000000 - 0x7200f000 	C:\Program Files (x86)\Arduino\java\bin\nio.dll
0x26f00000 - 0x26f3d000 	C:\Users\griffiw4\AppData\Local\Temp\jna-320445928\jna5672183758897048622.dll
0x70560000 - 0x70599000 	C:\Program Files (x86)\Arduino\java\bin\fontmanager.dll
0x6fd90000 - 0x6fdc2000 	C:\Program Files (x86)\Arduino\java\bin\t2k.dll
0x71f20000 - 0x71f42000 	C:\WINDOWS\SYSTEM32\DEVOBJ.dll
0x74980000 - 0x749c2000 	C:\WINDOWS\SYSTEM32\WINTRUST.dll
0x74d50000 - 0x74d5e000 	C:\WINDOWS\SYSTEM32\MSASN1.dll
0x77540000 - 0x776b9000 	C:\WINDOWS\SYSTEM32\CRYPT32.dll
0x73450000 - 0x734d4000 	C:\WINDOWS\SYSTEM32\DNSAPI.dll
0x02a00000 - 0x02a08000 	C:\Program Files (x86)\National Instruments\Shared\mDNS Responder\nimdnsNSP.dll
0x27fb0000 - 0x27fbb000 	C:\WINDOWS\SYSTEM32\nimdnsResponder.dll
0x740c0000 - 0x74163000 	C:\WINDOWS\WinSxS\x86_microsoft.vc90.crt_1fc8b3b9a1e18e3b_9.0.30729.9177_none_5093cc7abcb795e9\MSVCR90.dll
0x73320000 - 0x73328000 	C:\Windows\System32\rasadhlp.dll
0x732d0000 - 0x73317000 	C:\WINDOWS\System32\fwpuclnt.dll
0x6fae0000 - 0x6fb49000 	C:\Program Files (x86)\Arduino\msvcp100.dll
0x5f9e0000 - 0x5fa9e000 	C:\Program Files (x86)\Arduino\msvcr100.dll
0x28610000 - 0x28642000 	C:\Program Files (x86)\Arduino\lib\AStylej.dll
0x5f9b0000 - 0x5f9d4000 	C:\Program Files (x86)\Arduino\java\bin\dcpr.dll
0x74a30000 - 0x74ab4000 	C:\WINDOWS\SYSTEM32\clbcatq.dll
0x60080000 - 0x601f3000 	C:\WINDOWS\SYSTEM32\WindowsCodecs.dll
0x70f50000 - 0x70f91000 	C:\WINDOWS\system32\dataexchange.dll
0x72510000 - 0x7272a000 	C:\WINDOWS\system32\d3d11.dll
0x70ea0000 - 0x70f47000 	C:\WINDOWS\system32\dcomp.dll
0x73850000 - 0x738d2000 	C:\WINDOWS\system32\dxgi.dll
0x70050000 - 0x7011e000 	C:\WINDOWS\system32\twinapi.appcore.dll
0x734e0000 - 0x7361f000 	C:\WINDOWS\SYSTEM32\dbghelp.dll

VM Arguments:
jvm_args: -Dsun.java2d.d3d=false -Djna.nosys=true -DAPP_DIR=C:\Program Files (x86)\Arduino -Xms128M -Xmx512M 
java_command: processing.app.Base P:\Senior Design\StupidArduinoCode\Pam7QGPS\Pam7QGPS.ino
java_class_path (initial): C:\Program Files (x86)\Arduino\lib\apple.jar;C:\Program Files (x86)\Arduino\lib\arduino-core.jar;C:\Program Files (x86)\Arduino\lib\batik-1.8.jar;C:\Program Files (x86)\Arduino\lib\batik-anim-1.8.jar;C:\Program Files (x86)\Arduino\lib\batik-awt-util-1.8.jar;C:\Program Files (x86)\Arduino\lib\batik-bridge-1.8.jar;C:\Program Files (x86)\Arduino\lib\batik-codec-1.8.jar;C:\Program Files (x86)\Arduino\lib\batik-css-1.8.jar;C:\Program Files (x86)\Arduino\lib\batik-dom-1.8.jar;C:\Program Files (x86)\Arduino\lib\batik-ext-1.8.jar;C:\Program Files (x86)\Arduino\lib\batik-gvt-1.8.jar;C:\Program Files (x86)\Arduino\lib\batik-parser-1.8.jar;C:\Program Files (x86)\Arduino\lib\batik-rasterizer-1.8.jar;C:\Program Files (x86)\Arduino\lib\batik-script-1.8.jar;C:\Program Files (x86)\Arduino\lib\batik-squiggle-1.8.jar;C:\Program Files (x86)\Arduino\lib\batik-svg-dom-1.8.jar;C:\Program Files (x86)\Arduino\lib\batik-svgpp-1.8.jar;C:\Program Files (x86)\Arduino\lib\batik-transcoder-1.8.jar;C:\Program Files (x86)\Arduino\lib\batik-util-1.8.jar;C:\Program Files (x86)\Arduino\lib\batik-xml-1.8.jar;C:\Program Files (x86)\Arduino\lib\bcpg-jdk15on-152.jar;C:\Program Files (x86)\Arduino\lib\bcprov-jdk15on-152.jar;C:\Program Files (x86)\Arduino\lib\commons-codec-1.7.jar;C:\Program Files (x86)\Arduino\lib\commons-compress-1.8.jar;C:\Program Files (x86)\Arduino\lib\commons-exec-1.1.jar;C:\Program Files (x86)\Arduino\lib\commons-httpclient-3.1.jar;C:\Program Files (x86)\Arduino\lib\commons-lang3-3.3.2.jar;C:\Program Files (x86)\Arduino\lib\commons-logging-1.0.4.jar;C:\Program Files (x86)\Arduino\lib\commons-net-3.3.jar;C:\Program Files (x86)\Arduino\lib\jackson-annotations-2.6.3.jar;C:\Program Files (x86)\Arduino\lib\jackson-core-2.6.3.jar;C:\Program Files (x86)\Arduino\lib\jackson-databind-2.6.3.jar;C:\Program Files (x86)\Arduino\lib\jackson-module-mrbean-2.6.3.jar;C:\Program Files (x86)\Arduino\lib\java-semver-0.8.0.jar;C:\Program Files (x86)\Arduino\lib\jmdns-3.4.1.j
Launcher Type: SUN_STANDARD

Environment Variables:
PATH=C:\Program Files (x86)\Rockwell Software\RSCommon;C:\Program Files\Tecplot\Tecplot 360 EX 2016 R1\bin;C:\ProgramData\Oracle\Java\javapath;C:\Windows\system32;C:\Windows;C:\Windows\System32\Wbem;C:\Windows\System32\WindowsPowerShell\v1.0\;C:\Program Files (x86)\QuickTime\QTSystem\;C:\FPC\3.0.0\bin\i386-Win32;C:\Program Files\TortoiseSVN\bin;C:\Program Files\Microsoft SQL Server\110\Tools\Binn\;C:\Program Files (x86)\MiKTeX 2.9\miktex\bin\;C:\Program Files\MATLAB\R2015b\runtime\win64;C:\Program Files\MATLAB\R2015b\bin;C:\Program Files\proeWildfire 5.0\bin;C:\WINDOWS\system32\config\systemprofile\.dnx\bin;C:\Program Files\Microsoft DNX\Dnvm\;c:\Program Files\Stellent\IBPM;C:\Program Files (x86)\Arduino\java\bin
USERNAME=griffiw4
OS=Windows_NT
PROCESSOR_IDENTIFIER=Intel64 Family 6 Model 58 Stepping 9, GenuineIntel



---------------  S Y S T E M  ---------------

OS: Windows 10.0 , 64 bit Build 10586 (10.0.10586.0)

CPU:total 4 (4 cores per cpu, 1 threads per core) family 6 model 58 stepping 9, cmov, cx8, fxsr, mmx, sse, sse2, sse3, ssse3, sse4.1, sse4.2, popcnt, avx, aes, clmul, erms, tsc, tscinvbit, tscinv

Memory: 4k page, physical 8342064k(4352044k free), swap 9980464k(5348740k free)

vm_info: Java HotSpot(TM) Client VM (25.92-b14) for windows-x86 JRE (1.8.0_92-b14), built on Mar 31 2016 21:09:21 by "java_re" with MS VC++ 10.0 (VS2010)

time: Sat Nov 19 11:07:53 2016
elapsed time: 2557 seconds (0d 0h 42m 37s)

